actionid: tox
msg: packaging
cmdargs: ['/Users/dbarnhar/.pyenv/versions/3.5.0/bin/python3.5', local('/Users/dbarnhar/Development/oneId/discoveryTest/discovery/setup.py'), 'sdist', '--formats=zip', '--dist-dir', local('/Users/dbarnhar/Development/oneId/discoveryTest/discovery/.tox/dist')]
env: None

running sdist
running egg_info
writing requirements to upnp_discovery.egg-info/requires.txt
writing dependency_links to upnp_discovery.egg-info/dependency_links.txt
writing upnp_discovery.egg-info/PKG-INFO
writing top-level names to upnp_discovery.egg-info/top_level.txt
reading manifest file 'upnp_discovery.egg-info/SOURCES.txt'
writing manifest file 'upnp_discovery.egg-info/SOURCES.txt'
warning: sdist: standard file not found: should have one of README, README.rst, README.txt

running check
creating upnp_discovery-0.1
creating upnp_discovery-0.1/discovery
creating upnp_discovery-0.1/upnp_discovery.egg-info
making hard links in upnp_discovery-0.1...
hard linking setup.py -> upnp_discovery-0.1
hard linking discovery/Base.py -> upnp_discovery-0.1/discovery
hard linking discovery/__init__.py -> upnp_discovery-0.1/discovery
hard linking discovery/constants.py -> upnp_discovery-0.1/discovery
hard linking discovery/control_point.py -> upnp_discovery-0.1/discovery
hard linking discovery/device.py -> upnp_discovery-0.1/discovery
hard linking discovery/utils.py -> upnp_discovery-0.1/discovery
hard linking upnp_discovery.egg-info/PKG-INFO -> upnp_discovery-0.1/upnp_discovery.egg-info
hard linking upnp_discovery.egg-info/SOURCES.txt -> upnp_discovery-0.1/upnp_discovery.egg-info
hard linking upnp_discovery.egg-info/dependency_links.txt -> upnp_discovery-0.1/upnp_discovery.egg-info
hard linking upnp_discovery.egg-info/not-zip-safe -> upnp_discovery-0.1/upnp_discovery.egg-info
hard linking upnp_discovery.egg-info/requires.txt -> upnp_discovery-0.1/upnp_discovery.egg-info
hard linking upnp_discovery.egg-info/top_level.txt -> upnp_discovery-0.1/upnp_discovery.egg-info
Writing upnp_discovery-0.1/setup.cfg
creating '.tox/dist/upnp_discovery-0.1.zip' and adding 'upnp_discovery-0.1' to it
adding 'upnp_discovery-0.1/PKG-INFO'
adding 'upnp_discovery-0.1/setup.cfg'
adding 'upnp_discovery-0.1/setup.py'
adding 'upnp_discovery-0.1/discovery/__init__.py'
adding 'upnp_discovery-0.1/discovery/Base.py'
adding 'upnp_discovery-0.1/discovery/constants.py'
adding 'upnp_discovery-0.1/discovery/control_point.py'
adding 'upnp_discovery-0.1/discovery/device.py'
adding 'upnp_discovery-0.1/discovery/utils.py'
adding 'upnp_discovery-0.1/upnp_discovery.egg-info/dependency_links.txt'
adding 'upnp_discovery-0.1/upnp_discovery.egg-info/not-zip-safe'
adding 'upnp_discovery-0.1/upnp_discovery.egg-info/PKG-INFO'
adding 'upnp_discovery-0.1/upnp_discovery.egg-info/requires.txt'
adding 'upnp_discovery-0.1/upnp_discovery.egg-info/SOURCES.txt'
adding 'upnp_discovery-0.1/upnp_discovery.egg-info/top_level.txt'
removing 'upnp_discovery-0.1' (and everything under it)
